<?xml version="1.0" encoding="UTF-8"?>
<testsuite xmlns:xsi="http://www.w3.org/2001/XMLSchema-instance" xsi:noNamespaceSchemaLocation="https://maven.apache.org/surefire/maven-surefire-plugin/xsd/surefire-test-report.xsd" name="hwvisitor.Test2SingletonChecker" time="0.025" tests="17" errors="0" skipped="0" failures="0">
  <properties>
[...]
</properties>
  <testcase name="shouldCheckConstructorType" classname="hwvisitor.Test2SingletonChecker$TestCheckConstructorCalledCorrectly" time="0.003"/>
  <testcase name="shouldDetectConstructorCall" classname="hwvisitor.Test2SingletonChecker$TestCheckConstructorCalledCorrectly" time="0.004"/>
  <testcase name="shouldStillWorkEvenForBadCondition" classname="hwvisitor.Test2SingletonChecker$TestCheckConstructorCalledCorrectly" time="0.001"/>
  <testcase name="shouldWorkWithNestedIfs" classname="hwvisitor.Test2SingletonChecker$TestCheckConstructorCalledCorrectly" time="0.001"/>
  <testcase name="shouldNotCountIfNotInIf" classname="hwvisitor.Test2SingletonChecker$TestCheckConstructorCalledCorrectly" time="0.001"/>
  <testcase name="shouldWorkIfInElseBlock" classname="hwvisitor.Test2SingletonChecker$TestCheckConstructorCalledCorrectly" time="0.001"/>
  <testcase name="shouldRequireGetterIsPublic" classname="hwvisitor.Test2SingletonChecker$TestCheckInstanceGetter" time="0.001"/>
  <testcase name="shouldRequireGetterIsStatic" classname="hwvisitor.Test2SingletonChecker$TestCheckInstanceGetter" time="0.001"/>
  <testcase name="shouldHaveNoGetterWhenEmpty" classname="hwvisitor.Test2SingletonChecker$TestCheckInstanceGetter" time="0"/>
  <testcase name="shouldDetectSimpleGetter" classname="hwvisitor.Test2SingletonChecker$TestCheckInstanceGetter" time="0.001"/>
  <testcase name="shouldDetectPublicIsNotPrivate" classname="hwvisitor.Test2SingletonChecker$TestCheckPrivateConstructor" time="0.001"/>
  <testcase name="shouldDetectPrivateConstructor" classname="hwvisitor.Test2SingletonChecker$TestCheckPrivateConstructor" time="0.001"/>
  <testcase name="shouldHandleMultiplePrivateConstructors" classname="hwvisitor.Test2SingletonChecker$TestCheckPrivateConstructor" time="0.001"/>
  <testcase name="shouldOnlyConsiderConstructors" classname="hwvisitor.Test2SingletonChecker$TestCheckPrivateConstructor" time="0"/>
  <testcase name="shouldDetectVarInstance" classname="hwvisitor.Test2SingletonChecker$TestCheckPrivateStaticVarForInstance" time="0"/>
  <testcase name="shouldEnsureNameMatches" classname="hwvisitor.Test2SingletonChecker$TestCheckPrivateStaticVarForInstance" time="0.001"/>
  <testcase name="shouldDetectSingleton" classname="hwvisitor.Test2SingletonChecker$TestCompleteIsSingelton" time="0.003"/>
</testsuite>